[0;32mstatic [0;34mchromaticaLinkage [0m[56, 1, 6] [0;33mKEYWORD [0;36mFUNCTION_DECL [0;35mFUNCTIONPROTO [1;31mVOID [1;36mSTATIC [1;35mPUBLIC [0m
[0;32minline [0;34mchromaticaSpecifier [0m[56, 8, 6] [0;33mKEYWORD [0;36mFUNCTION_DECL [0;35mFUNCTIONPROTO [1;31mVOID [1;36mSTATIC [1;35mPUBLIC [0m
[0;32mvoid [0;34mchromaticaType [0m[56, 15, 4] [0;33mKEYWORD [0;36mFUNCTION_DECL [0;35mFUNCTIONPROTO [1;31mVOID [1;36mSTATIC [1;35mPUBLIC [0m
[0;32mcb_alloc [0;34mchromaticaFunctionDecl [0m[56, 20, 8] [0;33mIDENTIFIER [0;36mFUNCTION_DECL [0;35mFUNCTIONPROTO [1;31mVOID [1;36mSTATIC [1;35mPUBLIC [0m
[0;32muv_handle_t [0;34mchromaticaParmDecl [0m[56, 29, 11] [0;33mIDENTIFIER [0;36mPARM_DECL [0;35mPOINTER [1;31mINVALID [1;36mNONE [1;35mINVALID [0m
[0;32mclient [0;34mchromaticaParmDecl [0m[56, 42, 6] [0;33mIDENTIFIER [0;36mPARM_DECL [0;35mPOINTER [1;31mINVALID [1;36mNONE [1;35mINVALID [0m
[0;32msize_t [0;34mchromaticaParmDecl [0m[56, 50, 6] [0;33mIDENTIFIER [0;36mPARM_DECL [0;35mINT [1;31mINVALID [1;36mNONE [1;35mINVALID [0m
[0;32msuggested_size [0;34mchromaticaParmDecl [0m[56, 57, 14] [0;33mIDENTIFIER [0;36mPARM_DECL [0;35mINT [1;31mINVALID [1;36mNONE [1;35mINVALID [0m
[0;32muv_buf_t [0;34mchromaticaParmDecl [0m[57, 29, 8] [0;33mIDENTIFIER [0;36mPARM_DECL [0;35mPOINTER [1;31mINVALID [1;36mNONE [1;35mINVALID [0m
[0;32mbuf [0;34mchromaticaParmDecl [0m[57, 39, 3] [0;33mIDENTIFIER [0;36mPARM_DECL [0;35mPOINTER [1;31mINVALID [1;36mNONE [1;35mINVALID [0m
[0;32mif [0;34mchromaticaIf [0m[59, 5, 2] [0;33mKEYWORD [0;36mIF_STMT [0;35mINVALID [1;31mINVALID [1;36mSTATIC [1;35mINVALID [0m
[0;32msuggested_size [0;34mchromaticaIf [0m[59, 9, 14] [0;33mIDENTIFIER [0;36mIF_STMT [0;35mINVALID [1;31mINVALID [1;36mSTATIC [1;35mINVALID [0m
[0;32m0 [0;31mNone [0m[59, 27, 1] [0;33mLITERAL [0;36mIF_STMT [0;35mINVALID [1;31mINVALID [1;36mSTATIC [1;35mINVALID [0m
[0;32mbuf [0;31mNone [0m[60, 9, 3] [0;33mIDENTIFIER [0;36mCOMPOUND_STMT [0;35mINVALID [1;31mINVALID [1;36mSTATIC [1;35mINVALID [0m
[0;32mlen [0;31mNone [0m[60, 14, 3] [0;33mIDENTIFIER [0;36mCOMPOUND_STMT [0;35mINVALID [1;31mINVALID [1;36mSTATIC [1;35mINVALID [0m
[0;32m0 [0;31mNone [0m[60, 20, 1] [0;33mLITERAL [0;36mCOMPOUND_STMT [0;35mINVALID [1;31mINVALID [1;36mSTATIC [1;35mINVALID [0m
[0;32mreturn [0;34mchromaticaStatement [0m[61, 9, 6] [0;33mKEYWORD [0;36mRETURN_STMT [0;35mINVALID [1;31mINVALID [1;36mSTATIC [1;35mINVALID [0m
[0;32mKRPC [0;34mchromaticaVarDecl [0m[64, 5, 4] [0;33mIDENTIFIER [0;36mVAR_DECL [0;35mPOINTER [1;31mINVALID [1;36mNONE [1;35mPUBLIC [0m
[0;32mkrpc [0;34mchromaticaVarDecl [0m[64, 11, 4] [0;33mIDENTIFIER [0;36mVAR_DECL [0;35mPOINTER [1;31mINVALID [1;36mNONE [1;35mPUBLIC [0m
[0;32mif [0;34mchromaticaIf [0m[66, 5, 2] [0;33mKEYWORD [0;36mIF_STMT [0;35mINVALID [1;31mINVALID [1;36mSTATIC [1;35mINVALID [0m
[0;32mrecv_buf_pool [0;34mchromaticaIf [0m[66, 10, 13] [0;33mIDENTIFIER [0;36mIF_STMT [0;35mINVALID [1;31mINVALID [1;36mSTATIC [1;35mINVALID [0m
[0;32mempty [0;34mchromaticaIf [0m[66, 24, 5] [0;33mIDENTIFIER [0;36mIF_STMT [0;35mINVALID [1;31mINVALID [1;36mSTATIC [1;35mINVALID [0m
[0;32mkrpc [0;31mNone [0m[67, 9, 4] [0;33mIDENTIFIER [0;36mCOMPOUND_STMT [0;35mINVALID [1;31mINVALID [1;36mSTATIC [1;35mINVALID [0m
[0;32mrecv_buf_pool [0;31mNone [0m[67, 16, 13] [0;33mIDENTIFIER [0;36mCOMPOUND_STMT [0;35mINVALID [1;31mINVALID [1;36mSTATIC [1;35mINVALID [0m
[0;32mback [0;31mNone [0m[67, 30, 4] [0;33mIDENTIFIER [0;36mCOMPOUND_STMT [0;35mINVALID [1;31mINVALID [1;36mSTATIC [1;35mINVALID [0m
[0;32mkrpc [0;31mNone [0m[68, 9, 4] [0;33mIDENTIFIER [0;36mCOMPOUND_STMT [0;35mINVALID [1;31mINVALID [1;36mSTATIC [1;35mINVALID [0m
[0;32mclear [0;31mNone [0m[68, 15, 5] [0;33mIDENTIFIER [0;36mCOMPOUND_STMT [0;35mINVALID [1;31mINVALID [1;36mSTATIC [1;35mINVALID [0m
[0;32melse [0;34mchromaticaIf [0m[69, 7, 4] [0;33mKEYWORD [0;36mIF_STMT [0;35mINVALID [1;31mINVALID [1;36mSTATIC [1;35mINVALID [0m
[0;32mkrpc [0;31mNone [0m[70, 9, 4] [0;33mIDENTIFIER [0;36mCOMPOUND_STMT [0;35mINVALID [1;31mINVALID [1;36mSTATIC [1;35mINVALID [0m
[0;32mnew [0;31mNone [0m[70, 16, 3] [0;33mKEYWORD [0;36mCOMPOUND_STMT [0;35mINVALID [1;31mINVALID [1;36mSTATIC [1;35mINVALID [0m
[0;32mKRPC [0;31mNone [0m[70, 20, 4] [0;33mIDENTIFIER [0;36mCOMPOUND_STMT [0;35mINVALID [1;31mINVALID [1;36mSTATIC [1;35mINVALID [0m
[0;32mst_inc [0;31mNone [0m[71, 9, 6] [0;33mIDENTIFIER [0;36mCOMPOUND_STMT [0;35mINVALID [1;31mINVALID [1;36mSTATIC [1;35mINVALID [0m
[0;32mST_ctl_n_recv_bufs [0;31mNone [0m[71, 16, 18] [0;33mIDENTIFIER [0;36mCOMPOUND_STMT [0;35mINVALID [1;31mINVALID [1;36mSTATIC [1;35mINVALID [0m
[0;32mbuf [0;31mNone [0m[74, 5, 3] [0;33mIDENTIFIER [0;36mCOMPOUND_STMT [0;35mINVALID [1;31mINVALID [1;36mSTATIC [1;35mINVALID [0m
[0;32mbase [0;31mNone [0m[74, 10, 4] [0;33mIDENTIFIER [0;36mCOMPOUND_STMT [0;35mINVALID [1;31mINVALID [1;36mSTATIC [1;35mINVALID [0m
[0;32mreinterpret_cast [0;31mNone [0m[74, 17, 16] [0;33mKEYWORD [0;36mCOMPOUND_STMT [0;35mINVALID [1;31mINVALID [1;36mSTATIC [1;35mINVALID [0m
[0;32mchar [0;31mNone [0m[74, 34, 4] [0;33mKEYWORD [0;36mCOMPOUND_STMT [0;35mINVALID [1;31mINVALID [1;36mSTATIC [1;35mINVALID [0m
[0;32mconst_cast [0;31mNone [0m[74, 42, 10] [0;33mKEYWORD [0;36mCOMPOUND_STMT [0;35mINVALID [1;31mINVALID [1;36mSTATIC [1;35mINVALID [0m
[0;32mu8 [0;31mNone [0m[74, 53, 2] [0;33mIDENTIFIER [0;36mCOMPOUND_STMT [0;35mINVALID [1;31mINVALID [1;36mSTATIC [1;35mINVALID [0m
[0;32mkrpc [0;31mNone [0m[74, 59, 4] [0;33mIDENTIFIER [0;36mCOMPOUND_STMT [0;35mINVALID [1;31mINVALID [1;36mSTATIC [1;35mINVALID [0m
[0;32mdata [0;31mNone [0m[74, 65, 4] [0;33mIDENTIFIER [0;36mCOMPOUND_STMT [0;35mINVALID [1;31mINVALID [1;36mSTATIC [1;35mINVALID [0m
[0;32mbuf [0;31mNone [0m[75, 5, 3] [0;33mIDENTIFIER [0;36mCOMPOUND_STMT [0;35mINVALID [1;31mINVALID [1;36mSTATIC [1;35mINVALID [0m
[0;32mlen [0;31mNone [0m[75, 10, 3] [0;33mIDENTIFIER [0;36mCOMPOUND_STMT [0;35mINVALID [1;31mINVALID [1;36mSTATIC [1;35mINVALID [0m
[0;32mbd [0;31mNone [0m[75, 16, 2] [0;33mIDENTIFIER [0;36mCOMPOUND_STMT [0;35mINVALID [1;31mINVALID [1;36mSTATIC [1;35mINVALID [0m
[0;32mMAXLEN [0;31mNone [0m[75, 20, 6] [0;33mIDENTIFIER [0;36mCOMPOUND_STMT [0;35mINVALID [1;31mINVALID [1;36mSTATIC [1;35mINVALID [0m
[0;32mkrpc_map [0;31mNone [0m[77, 5, 8] [0;33mIDENTIFIER [0;36mCOMPOUND_STMT [0;35mINVALID [1;31mINVALID [1;36mSTATIC [1;35mINVALID [0m
[0;32minsert [0;31mNone [0m[77, 14, 6] [0;33mIDENTIFIER [0;36mCOMPOUND_STMT [0;35mINVALID [1;31mINVALID [1;36mSTATIC [1;35mINVALID [0m
[0;32mbuf [0;31mNone [0m[77, 22, 3] [0;33mIDENTIFIER [0;36mCOMPOUND_STMT [0;35mINVALID [1;31mINVALID [1;36mSTATIC [1;35mINVALID [0m
[0;32mbase [0;31mNone [0m[77, 27, 4] [0;33mIDENTIFIER [0;36mCOMPOUND_STMT [0;35mINVALID [1;31mINVALID [1;36mSTATIC [1;35mINVALID [0m
[0;32mkrpc [0;31mNone [0m[77, 33, 4] [0;33mIDENTIFIER [0;36mCOMPOUND_STMT [0;35mINVALID [1;31mINVALID [1;36mSTATIC [1;35mINVALID [0m
[0;32mstatic [0;34mchromaticaLinkage [0m[80, 1, 6] [0;33mKEYWORD [0;36mFUNCTION_DECL [0;35mFUNCTIONPROTO [1;31mVOID [1;36mSTATIC [1;35mPUBLIC [0m
[0;32mvoid [0;34mchromaticaType [0m[80, 8, 4] [0;33mKEYWORD [0;36mFUNCTION_DECL [0;35mFUNCTIONPROTO [1;31mVOID [1;36mSTATIC [1;35mPUBLIC [0m
[0;32mcb_recv_msg [0;34mchromaticaFunctionDecl [0m[80, 13, 11] [0;33mIDENTIFIER [0;36mFUNCTION_DECL [0;35mFUNCTIONPROTO [1;31mVOID [1;36mSTATIC [1;35mPUBLIC [0m
[0;32muv_udp_t [0;34mchromaticaParmDecl [0m[80, 25, 8] [0;33mIDENTIFIER [0;36mPARM_DECL [0;35mPOINTER [1;31mINVALID [1;36mNONE [1;35mINVALID [0m
[0;32mhandle [0;34mchromaticaParmDecl [0m[80, 35, 6] [0;33mIDENTIFIER [0;36mPARM_DECL [0;35mPOINTER [1;31mINVALID [1;36mNONE [1;35mINVALID [0m
[0;32mssize_t [0;34mchromaticaParmDecl [0m[80, 43, 7] [0;33mIDENTIFIER [0;36mPARM_DECL [0;35mINT [1;31mINVALID [1;36mNONE [1;35mINVALID [0m
[0;32mnread [0;34mchromaticaParmDecl [0m[80, 51, 5] [0;33mIDENTIFIER [0;36mPARM_DECL [0;35mINT [1;31mINVALID [1;36mNONE [1;35mINVALID [0m
[0;32mconst [0;34mchromaticaStorageClass [0m[80, 58, 5] [0;33mKEYWORD [0;36mPARM_DECL [0;35mPOINTER [1;31mINVALID [1;36mNONE [1;35mINVALID [0m
[0;32muv_buf_t [0;34mchromaticaParmDecl [0m[80, 64, 8] [0;33mIDENTIFIER [0;36mPARM_DECL [0;35mPOINTER [1;31mINVALID [1;36mNONE [1;35mINVALID [0m
[0;32mbuf [0;34mchromaticaParmDecl [0m[80, 74, 3] [0;33mIDENTIFIER [0;36mPARM_DECL [0;35mPOINTER [1;31mINVALID [1;36mNONE [1;35mINVALID [0m
[0;32mconst [0;34mchromaticaStorageClass [0m[81, 25, 5] [0;33mKEYWORD [0;36mPARM_DECL [0;35mPOINTER [1;31mINVALID [1;36mNONE [1;35mINVALID [0m
